# JRE version: OpenJDK Runtime Environment (21.0.6) (build 21.0.6+-13391695-b895.109)
# Java VM: OpenJDK 64-Bit Server VM (21.0.6+-13391695-b895.109, mixed mode, tiered, compressed oops, compressed class ptrs, g1 gc, windows-amd64)
GC Precious Log:
 CardTable entry size: 512
 Card Set container configuration: InlinePtr #cards 5 size 8 Array Of Cards #cards 12 size 40 Howl #buckets 4 coarsen threshold 1843 Howl Bitmap #cards 512 size 80 coarsen threshold 460 Card regions per heap region 1 cards per card region 2048
 CPUs: 12 total, 12 available
 Memory: 16057M
 Large Page Support: Disabled
 NUMA Support: Disabled
 Compressed Oops: Enabled (32-bit)
 Heap Region Size: 1M
 Heap Min Capacity: 8M
 Heap Initial Capacity: 252M
 Heap Max Capacity: 2G
 Pre-touch: Disabled
 Parallel Workers: 10
 Concurrent Workers: 3
 Concurrent Refinement Workers: 10
 Periodic GC: Disabled
Heap:
 garbage-first heap   total 273408K, used 195236K [0x0000000080000000, 0x0000000100000000)
  region size 1024K, 9 young (9216K), 9 survivors (9216K)
 Metaspace       used 112676K, committed 114816K, reserved 1179648K
  class space    used 15629K, committed 16704K, reserved 1048576K
GC Heap History (20 events):
Event: 20.525 GC heap after
{Heap after GC invocations=43 (full 0):
 garbage-first heap   total 162816K, used 96926K [0x0000000080000000, 0x0000000100000000)
  region size 1024K, 4 young (4096K), 4 survivors (4096K)
 Metaspace       used 104093K, committed 106304K, reserved 1179648K
  class space    used 14319K, committed 15424K, reserved 1048576K
}
Event: 20.961 GC heap before
{Heap before GC invocations=43 (full 0):
 garbage-first heap   total 162816K, used 148126K [0x0000000080000000, 0x0000000100000000)
  region size 1024K, 55 young (56320K), 4 survivors (4096K)
 Metaspace       used 104309K, committed 106432K, reserved 1179648K
  class space    used 14360K, committed 15424K, reserved 1048576K
}
Event: 20.971 GC heap after
{Heap after GC invocations=44 (full 0):
 garbage-first heap   total 162816K, used 98049K [0x0000000080000000, 0x0000000100000000)
  region size 1024K, 5 young (5120K), 5 survivors (5120K)
 Metaspace       used 104309K, committed 106432K, reserved 1179648K
  class space    used 14360K, committed 15424K, reserved 1048576K
}
Event: 21.399 GC heap before
{Heap before GC invocations=45 (full 0):
 garbage-first heap   total 163840K, used 148225K [0x0000000080000000, 0x0000000100000000)
  region size 1024K, 56 young (57344K), 5 survivors (5120K)
 Metaspace       used 104840K, committed 107008K, reserved 1179648K
  class space    used 14428K, committed 15488K, reserved 1048576K
}
Event: 21.411 GC heap after
{Heap after GC invocations=46 (full 0):
 garbage-first heap   total 171008K, used 112891K [0x0000000080000000, 0x0000000100000000)
  region size 1024K, 7 young (7168K), 7 survivors (7168K)
 Metaspace       used 104840K, committed 107008K, reserved 1179648K
  class space    used 14428K, committed 15488K, reserved 1048576K
}
Event: 21.535 GC heap before
{Heap before GC invocations=46 (full 0):
 garbage-first heap   total 171008K, used 151803K [0x0000000080000000, 0x0000000100000000)
  region size 1024K, 44 young (45056K), 7 survivors (7168K)
 Metaspace       used 105232K, committed 107392K, reserved 1179648K
  class space    used 14474K, committed 15552K, reserved 1048576K
}
Event: 21.544 GC heap after
{Heap after GC invocations=47 (full 0):
 garbage-first heap   total 171008K, used 121752K [0x0000000080000000, 0x0000000100000000)
  region size 1024K, 6 young (6144K), 6 survivors (6144K)
 Metaspace       used 105232K, committed 107392K, reserved 1179648K
  class space    used 14474K, committed 15552K, reserved 1048576K
}
Event: 21.628 GC heap before
{Heap before GC invocations=47 (full 0):
 garbage-first heap   total 171008K, used 151448K [0x0000000080000000, 0x0000000100000000)
  region size 1024K, 36 young (36864K), 6 survivors (6144K)
 Metaspace       used 105527K, committed 107712K, reserved 1179648K
  class space    used 14520K, committed 15616K, reserved 1048576K
}
Event: 21.634 GC heap after
{Heap after GC invocations=48 (full 0):
 garbage-first heap   total 245760K, used 126912K [0x0000000080000000, 0x0000000100000000)
  region size 1024K, 5 young (5120K), 5 survivors (5120K)
 Metaspace       used 105527K, committed 107712K, reserved 1179648K
  class space    used 14520K, committed 15616K, reserved 1048576K
}
Event: 22.430 GC heap before
{Heap before GC invocations=49 (full 0):
 garbage-first heap   total 245760K, used 201664K [0x0000000080000000, 0x0000000100000000)
  region size 1024K, 79 young (80896K), 5 survivors (5120K)
 Metaspace       used 108832K, committed 110976K, reserved 1179648K
  class space    used 15061K, committed 16128K, reserved 1048576K
}
Event: 22.445 GC heap after
{Heap after GC invocations=50 (full 0):
 garbage-first heap   total 245760K, used 141307K [0x0000000080000000, 0x0000000100000000)
  region size 1024K, 10 young (10240K), 10 survivors (10240K)
 Metaspace       used 108832K, committed 110976K, reserved 1179648K
  class space    used 15061K, committed 16128K, reserved 1048576K
}
Event: 22.748 GC heap before
{Heap before GC invocations=50 (full 0):
 garbage-first heap   total 245760K, used 204795K [0x0000000080000000, 0x0000000100000000)
  region size 1024K, 72 young (73728K), 10 survivors (10240K)
 Metaspace       used 109534K, committed 111680K, reserved 1179648K
  class space    used 15123K, committed 16192K, reserved 1048576K
}
Event: 22.765 GC heap after
{Heap after GC invocations=51 (full 0):
 garbage-first heap   total 245760K, used 149798K [0x0000000080000000, 0x0000000100000000)
  region size 1024K, 9 young (9216K), 9 survivors (9216K)
 Metaspace       used 109534K, committed 111680K, reserved 1179648K
  class space    used 15123K, committed 16192K, reserved 1048576K
}
Event: 22.925 GC heap before
{Heap before GC invocations=51 (full 0):
 garbage-first heap   total 245760K, used 208166K [0x0000000080000000, 0x0000000100000000)
  region size 1024K, 67 young (68608K), 9 survivors (9216K)
 Metaspace       used 109987K, committed 112128K, reserved 1179648K
  class space    used 15192K, committed 16256K, reserved 1048576K
}
Event: 22.947 GC heap after
{Heap after GC invocations=52 (full 0):
 garbage-first heap   total 245760K, used 163032K [0x0000000080000000, 0x0000000100000000)
  region size 1024K, 9 young (9216K), 9 survivors (9216K)
 Metaspace       used 109987K, committed 112128K, reserved 1179648K
  class space    used 15192K, committed 16256K, reserved 1048576K
}
Event: 23.204 GC heap before
{Heap before GC invocations=53 (full 0):
 garbage-first heap   total 273408K, used 215256K [0x0000000080000000, 0x0000000100000000)
  region size 1024K, 60 young (61440K), 9 survivors (9216K)
 Metaspace       used 110763K, committed 112960K, reserved 1179648K
  class space    used 15343K, committed 16448K, reserved 1048576K
}
Event: 23.226 GC heap after
{Heap after GC invocations=54 (full 0):
 garbage-first heap   total 273408K, used 173764K [0x0000000080000000, 0x0000000100000000)
  region size 1024K, 8 young (8192K), 8 survivors (8192K)
 Metaspace       used 110763K, committed 112960K, reserved 1179648K
  class space    used 15343K, committed 16448K, reserved 1048576K
}
Event: 23.540 GC heap before
{Heap before GC invocations=54 (full 0):
 garbage-first heap   total 273408K, used 237252K [0x0000000080000000, 0x0000000100000000)
  region size 1024K, 70 young (71680K), 8 survivors (8192K)
 Metaspace       used 112216K, committed 114368K, reserved 1179648K
  class space    used 15592K, committed 16704K, reserved 1048576K
}
Event: 23.567 GC heap after
{Heap after GC invocations=55 (full 0):
 garbage-first heap   total 273408K, used 182484K [0x0000000080000000, 0x0000000100000000)
  region size 1024K, 9 young (9216K), 9 survivors (9216K)
 Metaspace       used 112216K, committed 114368K, reserved 1179648K
  class space    used 15592K, committed 16704K, reserved 1048576K
}
Event: 23.719 GC heap before
{Heap before GC invocations=55 (full 0):
 garbage-first heap   total 273408K, used 240852K [0x0000000080000000, 0x0000000100000000)
  region size 1024K, 67 young (68608K), 9 survivors (9216K)
 Metaspace       used 112676K, committed 114816K, reserved 1179648K
  class space    used 15629K, committed 16704K, reserved 1048576K
}

